#
# There is insufficient memory for the Java Runtime Environment to continue.
# Native memory allocation (malloc) failed to allocate 1280016 bytes for Chunk::new
# Possible reasons:
#   The system is out of physical RAM or swap space
#   The process is running with CompressedOops enabled, and the Java Heap may be blocking the growth of the native heap
# Possible solutions:
#   Reduce memory load on the system
#   Increase physical memory or swap space
#   Check if swap backing store is full
#   Decrease Java heap size (-Xmx/-Xms)
#   Decrease number of Java threads
#   Decrease Java thread stack sizes (-Xss)
#   Set larger code cache with -XX:ReservedCodeCacheSize=
#   JVM is running with Unscaled Compressed Oops mode in which the Java heap is
#     placed in the first 4GB address space. The Java Heap base address is the
#     maximum limit for the native heap growth. Please use -XX:HeapBaseMinAddress
#     to set the Java Heap base and to place the Java Heap above 4GB virtual address.
# This output file may be truncated or incomplete.
#
#  Out of Memory Error (./src/hotspot/share/memory/arena.cpp:197), pid=7164, tid=7984
#
# JRE version: OpenJDK Runtime Environment 18.9 (11.0.15+10) (build 11.0.15+10)
# Java VM: OpenJDK 64-Bit Server VM 18.9 (11.0.15+10, mixed mode, tiered, compressed oops, g1 gc, windows-amd64)
# No core dump will be written. Minidumps are not enabled by default on client versions of Windows
#

---------------  S U M M A R Y ------------

Command Line: -XX:MaxMetaspaceSize=512m --add-opens=java.base/java.util=ALL-UNNAMED --add-opens=java.base/java.lang=ALL-UNNAMED --add-opens=java.base/java.lang.invoke=ALL-UNNAMED --add-opens=java.base/java.util=ALL-UNNAMED --add-opens=java.prefs/java.util.prefs=ALL-UNNAMED --add-opens=java.prefs/java.util.prefs=ALL-UNNAMED --add-opens=java.base/java.nio.charset=ALL-UNNAMED --add-opens=java.base/java.net=ALL-UNNAMED --add-opens=java.base/java.util.concurrent.atomic=ALL-UNNAMED -Xmx2048m -Dfile.encoding=windows-1252 -Duser.country=IN -Duser.language=en -Duser.variant org.gradle.launcher.daemon.bootstrap.GradleDaemon 7.3.3

Host: Intel(R) Core(TM) i3-9100 CPU @ 3.60GHz, 4 cores, 7G,  Windows 10 , 64 bit Build 19041 (10.0.19041.1806)
Time: Fri Jul 22 15:11:12 2022 India Standard Time elapsed time: 2.151242 seconds (0d 0h 0m 2s)

---------------  T H R E A D  ---------------

Current thread (0x00000225e3fd3000):  JavaThread "C2 CompilerThread0" daemon [_thread_in_native, id=7984, stack(0x0000005c05900000,0x0000005c05a00000)]


Current CompileTask:
C2:   2151 1915   !   4       java.lang.ClassLoader::loadClass (122 bytes)

Stack: [0x0000005c05900000,0x0000005c05a00000]
Native frames: (J=compiled Java code, j=interpreted, Vv=VM code, C=native code)
V  [jvm.dll+0x64dd3a]
V  [jvm.dll+0x7906c9]
V  [jvm.dll+0x791d9c]
V  [jvm.dll+0x792463]
V  [jvm.dll+0x265048]
V  [jvm.dll+0xc9da1]
V  [jvm.dll+0xca35c]
V  [jvm.dll+0x37c122]
V  [jvm.dll+0x347153]
V  [jvm.dll+0x34647a]
V  [jvm.dll+0x21e085]
V  [jvm.dll+0x21d25a]
V  [jvm.dll+0x19dd21]
V  [jvm.dll+0x22cc80]
V  [jvm.dll+0x22af81]
V  [jvm.dll+0x75254c]
V  [jvm.dll+0x74b12d]
V  [jvm.dll+0x64c8a6]
C  [ucrtbase.dll+0x21bb2]
C  [KERNEL32.DLL+0x17034]
C  [ntdll.dll+0x52651]


---------------  P R O C E S S  ---------------

Threads class SMR info:
_java_thread_list=0x00000225e6b31e60, length=23, elements={
0x00000225c4e32800, 0x00000225e365b800, 0x00000225e3665000, 0x00000225e36c3000,
0x00000225e36c6000, 0x00000225e3fd0800, 0x00000225e3fd3000, 0x00000225e3fd5800,
0x00000225e3fdf800, 0x00000225e413d000, 0x00000225e6704800, 0x00000225e59e6800,
0x00000225e59ff800, 0x00000225e501d000, 0x00000225e55c9800, 0x00000225e539e000,
0x00000225e5924800, 0x00000225e759f000, 0x00000225e592b800, 0x00000225e4b4c000,
0x00000225e5908800, 0x00000225e5909000, 0x00000225e5906000
}

Java Threads: ( => current thread )
  0x00000225c4e32800 JavaThread "main" [_thread_blocked, id=2488, stack(0x0000005c04d00000,0x0000005c04e00000)]
  0x00000225e365b800 JavaThread "Reference Handler" daemon [_thread_blocked, id=11720, stack(0x0000005c05400000,0x0000005c05500000)]
  0x00000225e3665000 JavaThread "Finalizer" daemon [_thread_blocked, id=10672, stack(0x0000005c05500000,0x0000005c05600000)]
  0x00000225e36c3000 JavaThread "Signal Dispatcher" daemon [_thread_blocked, id=10684, stack(0x0000005c05600000,0x0000005c05700000)]
  0x00000225e36c6000 JavaThread "Attach Listener" daemon [_thread_blocked, id=11568, stack(0x0000005c05700000,0x0000005c05800000)]
  0x00000225e3fd0800 JavaThread "Service Thread" daemon [_thread_blocked, id=1004, stack(0x0000005c05800000,0x0000005c05900000)]
=>0x00000225e3fd3000 JavaThread "C2 CompilerThread0" daemon [_thread_in_native, id=7984, stack(0x0000005c05900000,0x0000005c05a00000)]
  0x00000225e3fd5800 JavaThread "C1 CompilerThread0" daemon [_thread_blocked, id=7020, stack(0x0000005c05a00000,0x0000005c05b00000)]
  0x00000225e3fdf800 JavaThread "Sweeper thread" daemon [_thread_blocked, id=3996, stack(0x0000005c05b00000,0x0000005c05c00000)]
  0x00000225e413d000 JavaThread "Common-Cleaner" daemon [_thread_blocked, id=2904, stack(0x0000005c05c00000,0x0000005c05d00000)]
  0x00000225e6704800 JavaThread "Daemon health stats" [_thread_blocked, id=8368, stack(0x0000005c06000000,0x0000005c06100000)]
  0x00000225e59e6800 JavaThread "Incoming local TCP Connector on port 55087" [_thread_in_native, id=1328, stack(0x0000005c06100000,0x0000005c06200000)]
  0x00000225e59ff800 JavaThread "Daemon periodic checks" [_thread_blocked, id=11776, stack(0x0000005c06200000,0x0000005c06300000)]
  0x00000225e501d000 JavaThread "Daemon" [_thread_blocked, id=3476, stack(0x0000005c06300000,0x0000005c06400000)]
  0x00000225e55c9800 JavaThread "Handler for socket connection from /127.0.0.1:55087 to /127.0.0.1:55088" [_thread_in_native, id=2572, stack(0x0000005c06400000,0x0000005c06500000)]
  0x00000225e539e000 JavaThread "Cancel handler" [_thread_blocked, id=1800, stack(0x0000005c06500000,0x0000005c06600000)]
  0x00000225e5924800 JavaThread "Daemon worker" [_thread_in_native, id=8620, stack(0x0000005c06600000,0x0000005c06700000)]
  0x00000225e759f000 JavaThread "Asynchronous log dispatcher for DefaultDaemonConnection: socket connection from /127.0.0.1:55087 to /127.0.0.1:55088" [_thread_blocked, id=5364, stack(0x0000005c06700000,0x0000005c06800000)]
  0x00000225e592b800 JavaThread "Stdin handler" [_thread_blocked, id=11900, stack(0x0000005c06800000,0x0000005c06900000)]
  0x00000225e4b4c000 JavaThread "Daemon client event forwarder" [_thread_blocked, id=1220, stack(0x0000005c06900000,0x0000005c06a00000)]
  0x00000225e5908800 JavaThread "Cache worker for journal cache (C:\Users\Asus\.gradle\caches\journal-1)" [_thread_blocked, id=10276, stack(0x0000005c06b00000,0x0000005c06c00000)]
  0x00000225e5909000 JavaThread "File lock request listener" [_thread_in_native, id=8532, stack(0x0000005c06c00000,0x0000005c06d00000)]
  0x00000225e5906000 JavaThread "Cache worker for file hash cache (C:\Users\Asus\.gradle\caches\7.3.3\fileHashes)" [_thread_blocked, id=8140, stack(0x0000005c06d00000,0x0000005c06e00000)]

Other Threads:
  0x00000225e3659000 VMThread "VM Thread" [stack: 0x0000005c05300000,0x0000005c05400000] [id=1348]
  0x00000225e4172000 WatcherThread [stack: 0x0000005c05d00000,0x0000005c05e00000] [id=1456]
  0x00000225c2d4c000 GCTaskThread "GC Thread#0" [stack: 0x0000005c04e00000,0x0000005c04f00000] [id=12004]
  0x00000225e4943800 GCTaskThread "GC Thread#1" [stack: 0x0000005c05e00000,0x0000005c05f00000] [id=4420]
  0x00000225e43f4800 GCTaskThread "GC Thread#2" [stack: 0x0000005c05f00000,0x0000005c06000000] [id=10392]
  0x00000225e7592800 GCTaskThread "GC Thread#3" [stack: 0x0000005c06a00000,0x0000005c06b00000] [id=8252]
  0x00000225c4e78000 ConcurrentGCThread "G1 Main Marker" [stack: 0x0000005c04f00000,0x0000005c05000000] [id=5076]
  0x00000225c4e79800 ConcurrentGCThread "G1 Conc#0" [stack: 0x0000005c05000000,0x0000005c05100000] [id=5620]
  0x00000225c4f08800 ConcurrentGCThread "G1 Refine#0" [stack: 0x0000005c05100000,0x0000005c05200000] [id=4428]
  0x00000225c4f09800 ConcurrentGCThread "G1 Young RemSet Sampling" [stack: 0x0000005c05200000,0x0000005c05300000] [id=6132]

Threads with active compile tasks:
C2 CompilerThread0     2183 1915   !   4       java.lang.ClassLoader::loadClass (122 bytes)

VM state:not at safepoint (normal execution)

VM Mutex/Monitor currently owned by a thread: None

Heap address: 0x0000000080000000, size: 2048 MB, Compressed Oops mode: 32-bit
Narrow klass base: 0x0000000000000000, Narrow klass shift: 3
Compressed class space size: 528482304 Address: 0x0000000100000000

Heap:
 garbage-first heap   total 129024K, used 24872K [0x0000000080000000, 0x0000000100000000)
  region size 1024K, 12 young (12288K), 4 survivors (4096K)
 Metaspace       used 21500K, capacity 21990K, committed 22268K, reserved 536576K
  class space    used 2626K, capacity 2805K, committed 2892K, reserved 516096K
Heap Regions: E=young(eden), S=young(survivor), O=old, HS=humongous(starts), HC=humongous(continues), CS=collection set, F=free, A=archive, TAMS=top-at-mark-start (previous, next)
|   0|0x0000000080000000, 0x0000000080100000, 0x0000000080100000|100%| O|  |TAMS 0x0000000080100000, 0x0000000080000000| Untracked 
|   1|0x0000000080100000, 0x0000000080200000, 0x0000000080200000|100%| O|  |TAMS 0x0000000080200000, 0x0000000080100000| Untracked 
|   2|0x0000000080200000, 0x0000000080300000, 0x0000000080300000|100%| O|  |TAMS 0x0000000080300000, 0x0000000080200000| Untracked 
|   3|0x0000000080300000, 0x0000000080400000, 0x0000000080400000|100%|HS|  |TAMS 0x0000000080400000, 0x0000000080300000| Complete 
|   4|0x0000000080400000, 0x0000000080500000, 0x0000000080500000|100%|HC|  |TAMS 0x0000000080500000, 0x0000000080400000| Complete 
|   5|0x0000000080500000, 0x0000000080600000, 0x0000000080600000|100%|HC|  |TAMS 0x0000000080600000, 0x0000000080500000| Complete 
|   6|0x0000000080600000, 0x0000000080700000, 0x0000000080700000|100%| O|  |TAMS 0x0000000080700000, 0x0000000080600000| Untracked 
|   7|0x0000000080700000, 0x0000000080800000, 0x0000000080800000|100%| O|  |TAMS 0x0000000080800000, 0x0000000080700000| Untracked 
|   8|0x0000000080800000, 0x0000000080900000, 0x0000000080900000|100%| O|  |TAMS 0x0000000080900000, 0x0000000080800000| Untracked 
|   9|0x0000000080900000, 0x0000000080a00000, 0x0000000080a00000|100%| O|  |TAMS 0x0000000080a00000, 0x0000000080900000| Untracked 
|  10|0x0000000080a00000, 0x0000000080b00000, 0x0000000080b00000|100%| O|  |TAMS 0x0000000080b00000, 0x0000000080a00000| Untracked 
|  11|0x0000000080b00000, 0x0000000080c00000, 0x0000000080c00000|100%| O|  |TAMS 0x0000000080c00000, 0x0000000080b00000| Untracked 
|  12|0x0000000080c00000, 0x0000000080d00000, 0x0000000080d00000|100%| O|  |TAMS 0x0000000080d00000, 0x0000000080c00000| Untracked 
|  13|0x0000000080d00000, 0x0000000080dc0400, 0x0000000080e00000| 75%| O|  |TAMS 0x0000000080dc0400, 0x0000000080d00000| Untracked 
|  14|0x0000000080e00000, 0x0000000080e00000, 0x0000000080f00000|  0%| F|  |TAMS 0x0000000080e00000, 0x0000000080e00000| Untracked 
|  15|0x0000000080f00000, 0x0000000080f00000, 0x0000000081000000|  0%| F|  |TAMS 0x0000000080f00000, 0x0000000080f00000| Untracked 
|  16|0x0000000081000000, 0x0000000081000000, 0x0000000081100000|  0%| F|  |TAMS 0x0000000081000000, 0x0000000081000000| Untracked 
|  17|0x0000000081100000, 0x0000000081100000, 0x0000000081200000|  0%| F|  |TAMS 0x0000000081100000, 0x0000000081100000| Untracked 
|  18|0x0000000081200000, 0x0000000081200000, 0x0000000081300000|  0%| F|  |TAMS 0x0000000081200000, 0x0000000081200000| Untracked 
|  19|0x0000000081300000, 0x0000000081300000, 0x0000000081400000|  0%| F|  |TAMS 0x0000000081300000, 0x0000000081300000| Untracked 
|  20|0x0000000081400000, 0x0000000081400000, 0x0000000081500000|  0%| F|  |TAMS 0x0000000081400000, 0x0000000081400000| Untracked 
|  21|0x0000000081500000, 0x0000000081500000, 0x0000000081600000|  0%| F|  |TAMS 0x0000000081500000, 0x0000000081500000| Untracked 
|  22|0x0000000081600000, 0x0000000081600000, 0x0000000081700000|  0%| F|  |TAMS 0x0000000081600000, 0x0000000081600000| Untracked 
|  23|0x0000000081700000, 0x0000000081700000, 0x0000000081800000|  0%| F|  |TAMS 0x0000000081700000, 0x0000000081700000| Untracked 
|  24|0x0000000081800000, 0x0000000081800000, 0x0000000081900000|  0%| F|  |TAMS 0x0000000081800000, 0x0000000081800000| Untracked 
|  25|0x0000000081900000, 0x0000000081900000, 0x0000000081a00000|  0%| F|  |TAMS 0x0000000081900000, 0x0000000081900000| Untracked 
|  26|0x0000000081a00000, 0x0000000081a00000, 0x0000000081b00000|  0%| F|  |TAMS 0x0000000081a00000, 0x0000000081a00000| Untracked 
|  27|0x0000000081b00000, 0x0000000081b00000, 0x0000000081c00000|  0%| F|  |TAMS 0x0000000081b00000, 0x0000000081b00000| Untracked 
|  28|0x0000000081c00000, 0x0000000081c00000, 0x0000000081d00000|  0%| F|  |TAMS 0x0000000081c00000, 0x0000000081c00000| Untracked 
|  29|0x0000000081d00000, 0x0000000081d00000, 0x0000000081e00000|  0%| F|  |TAMS 0x0000000081d00000, 0x0000000081d00000| Untracked 
|  30|0x0000000081e00000, 0x0000000081e00000, 0x0000000081f00000|  0%| F|  |TAMS 0x0000000081e00000, 0x0000000081e00000| Untracked 
|  31|0x0000000081f00000, 0x0000000081f00000, 0x0000000082000000|  0%| F|  |TAMS 0x0000000081f00000, 0x0000000081f00000| Untracked 
|  32|0x0000000082000000, 0x0000000082000000, 0x0000000082100000|  0%| F|  |TAMS 0x0000000082000000, 0x0000000082000000| Untracked 
|  33|0x0000000082100000, 0x0000000082100000, 0x0000000082200000|  0%| F|  |TAMS 0x0000000082100000, 0x0000000082100000| Untracked 
|  34|0x0000000082200000, 0x0000000082200000, 0x0000000082300000|  0%| F|  |TAMS 0x0000000082200000, 0x0000000082200000| Untracked 
|  35|0x0000000082300000, 0x0000000082300000, 0x0000000082400000|  0%| F|  |TAMS 0x0000000082300000, 0x0000000082300000| Untracked 
|  36|0x0000000082400000, 0x0000000082400000, 0x0000000082500000|  0%| F|  |TAMS 0x0000000082400000, 0x0000000082400000| Untracked 
|  37|0x0000000082500000, 0x0000000082500000, 0x0000000082600000|  0%| F|  |TAMS 0x0000000082500000, 0x0000000082500000| Untracked 
|  38|0x0000000082600000, 0x0000000082600000, 0x0000000082700000|  0%| F|  |TAMS 0x0000000082600000, 0x0000000082600000| Untracked 
|  39|0x0000000082700000, 0x0000000082700000, 0x0000000082800000|  0%| F|  |TAMS 0x0000000082700000, 0x0000000082700000| Untracked 
|  40|0x0000000082800000, 0x0000000082800000, 0x0000000082900000|  0%| F|  |TAMS 0x0000000082800000, 0x0000000082800000| Untracked 
|  41|0x0000000082900000, 0x0000000082900000, 0x0000000082a00000|  0%| F|  |TAMS 0x0000000082900000, 0x0000000082900000| Untracked 
|  42|0x0000000082a00000, 0x0000000082a00000, 0x0000000082b00000|  0%| F|  |TAMS 0x0000000082a00000, 0x0000000082a00000| Untracked 
|  43|0x0000000082b00000, 0x0000000082b00000, 0x0000000082c00000|  0%| F|  |TAMS 0x0000000082b00000, 0x0000000082b00000| Untracked 
|  44|0x0000000082c00000, 0x0000000082c00000, 0x0000000082d00000|  0%| F|  |TAMS 0x0000000082c00000, 0x0000000082c00000| Untracked 
|  45|0x0000000082d00000, 0x0000000082d00000, 0x0000000082e00000|  0%| F|  |TAMS 0x0000000082d00000, 0x0000000082d00000| Untracked 
|  46|0x0000000082e00000, 0x0000000082e00000, 0x0000000082f00000|  0%| F|  |TAMS 0x0000000082e00000, 0x0000000082e00000| Untracked 
|  47|0x0000000082f00000, 0x0000000082f00000, 0x0000000083000000|  0%| F|  |TAMS 0x0000000082f00000, 0x0000000082f00000| Untracked 
|  48|0x0000000083000000, 0x0000000083000000, 0x0000000083100000|  0%| F|  |TAMS 0x0000000083000000, 0x0000000083000000| Untracked 
|  49|0x0000000083100000, 0x0000000083100000, 0x0000000083200000|  0%| F|  |TAMS 0x0000000083100000, 0x0000000083100000| Untracked 
|  50|0x0000000083200000, 0x0000000083200000, 0x0000000083300000|  0%| F|  |TAMS 0x0000000083200000, 0x0000000083200000| Untracked 
|  51|0x0000000083300000, 0x0000000083300000, 0x0000000083400000|  0%| F|  |TAMS 0x0000000083300000, 0x0000000083300000| Untracked 
|  52|0x0000000083400000, 0x0000000083400000, 0x0000000083500000|  0%| F|  |TAMS 0x0000000083400000, 0x0000000083400000| Untracked 
|  53|0x0000000083500000, 0x0000000083500000, 0x0000000083600000|  0%| F|  |TAMS 0x0000000083500000, 0x0000000083500000| Untracked 
|  54|0x0000000083600000, 0x0000000083600000, 0x0000000083700000|  0%| F|  |TAMS 0x0000000083600000, 0x0000000083600000| Untracked 
|  55|0x0000000083700000, 0x0000000083700000, 0x0000000083800000|  0%| F|  |TAMS 0x0000000083700000, 0x0000000083700000| Untracked 
|  56|0x0000000083800000, 0x0000000083800000, 0x0000000083900000|  0%| F|  |TAMS 0x0000000083800000, 0x0000000083800000| Untracked 
|  57|0x0000000083900000, 0x0000000083900000, 0x0000000083a00000|  0%| F|  |TAMS 0x0000000083900000, 0x0000000083900000| Untracked 
|  58|0x0000000083a00000, 0x0000000083a00000, 0x0000000083b00000|  0%| F|  |TAMS 0x0000000083a00000, 0x0000000083a00000| Untracked 
|  59|0x0000000083b00000, 0x0000000083b00000, 0x0000000083c00000|  0%| F|  |TAMS 0x0000000083b00000, 0x0000000083b00000| Untracked 
|  60|0x0000000083c00000, 0x0000000083c00000, 0x0000000083d00000|  0%| F|  |TAMS 0x0000000083c00000, 0x0000000083c00000| Untracked 
|  61|0x0000000083d00000, 0x0000000083d00000, 0x0000000083e00000|  0%| F|  |TAMS 0x0000000083d00000, 0x0000000083d00000| Untracked 
|  62|0x0000000083e00000, 0x0000000083e00000, 0x0000000083f00000|  0%| F|  |TAMS 0x0000000083e00000, 0x0000000083e00000| Untracked 
|  63|0x0000000083f00000, 0x0000000083f00000, 0x0000000084000000|  0%| F|  |TAMS 0x0000000083f00000, 0x0000000083f00000| Untracked 
|  64|0x0000000084000000, 0x0000000084000000, 0x0000000084100000|  0%| F|  |TAMS 0x0000000084000000, 0x0000000084000000| Untracked 
|  65|0x0000000084100000, 0x0000000084100000, 0x0000000084200000|  0%| F|  |TAMS 0x0000000084100000, 0x0000000084100000| Untracked 
|  66|0x0000000084200000, 0x0000000084200000, 0x0000000084300000|  0%| F|  |TAMS 0x0000000084200000, 0x0000000084200000| Untracked 
|  67|0x0000000084300000, 0x0000000084300000, 0x0000000084400000|  0%| F|  |TAMS 0x0000000084300000, 0x0000000084300000| Untracked 
|  68|0x0000000084400000, 0x0000000084400000, 0x0000000084500000|  0%| F|  |TAMS 0x0000000084400000, 0x0000000084400000| Untracked 
|  69|0x0000000084500000, 0x0000000084500000, 0x0000000084600000|  0%| F|  |TAMS 0x0000000084500000, 0x0000000084500000| Untracked 
|  70|0x0000000084600000, 0x0000000084600000, 0x0000000084700000|  0%| F|  |TAMS 0x0000000084600000, 0x0000000084600000| Untracked 
|  71|0x0000000084700000, 0x0000000084700000, 0x0000000084800000|  0%| F|  |TAMS 0x0000000084700000, 0x0000000084700000| Untracked 
|  72|0x0000000084800000, 0x0000000084800000, 0x0000000084900000|  0%| F|  |TAMS 0x0000000084800000, 0x0000000084800000| Untracked 
|  73|0x0000000084900000, 0x0000000084900000, 0x0000000084a00000|  0%| F|  |TAMS 0x0000000084900000, 0x0000000084900000| Untracked 
|  74|0x0000000084a00000, 0x0000000084a00000, 0x0000000084b00000|  0%| F|  |TAMS 0x0000000084a00000, 0x0000000084a00000| Untracked 
|  75|0x0000000084b00000, 0x0000000084b00000, 0x0000000084c00000|  0%| F|  |TAMS 0x0000000084b00000, 0x0000000084b00000| Untracked 
|  76|0x0000000084c00000, 0x0000000084c00000, 0x0000000084d00000|  0%| F|  |TAMS 0x0000000084c00000, 0x0000000084c00000| Untracked 
|  77|0x0000000084d00000, 0x0000000084d00000, 0x0000000084e00000|  0%| F|  |TAMS 0x0000000084d00000, 0x0000000084d00000| Untracked 
|  78|0x0000000084e00000, 0x0000000084e00000, 0x0000000084f00000|  0%| F|  |TAMS 0x0000000084e00000, 0x0000000084e00000| Untracked 
|  79|0x0000000084f00000, 0x0000000084f00000, 0x0000000085000000|  0%| F|  |TAMS 0x0000000084f00000, 0x0000000084f00000| Untracked 
|  80|0x0000000085000000, 0x0000000085000000, 0x0000000085100000|  0%| F|  |TAMS 0x0000000085000000, 0x0000000085000000| Untracked 
|  81|0x0000000085100000, 0x0000000085100000, 0x0000000085200000|  0%| F|  |TAMS 0x0000000085100000, 0x0000000085100000| Untracked 
|  82|0x0000000085200000, 0x0000000085200000, 0x0000000085300000|  0%| F|  |TAMS 0x0000000085200000, 0x0000000085200000| Untracked 
|  83|0x0000000085300000, 0x0000000085300000, 0x0000000085400000|  0%| F|  |TAMS 0x0000000085300000, 0x0000000085300000| Untracked 
|  84|0x0000000085400000, 0x0000000085400000, 0x0000000085500000|  0%| F|  |TAMS 0x0000000085400000, 0x0000000085400000| Untracked 
|  85|0x0000000085500000, 0x0000000085500000, 0x0000000085600000|  0%| F|  |TAMS 0x0000000085500000, 0x0000000085500000| Untracked 
|  86|0x0000000085600000, 0x0000000085600000, 0x0000000085700000|  0%| F|  |TAMS 0x0000000085600000, 0x0000000085600000| Untracked 
|  87|0x0000000085700000, 0x0000000085700000, 0x0000000085800000|  0%| F|  |TAMS 0x0000000085700000, 0x0000000085700000| Untracked 
|  88|0x0000000085800000, 0x0000000085800000, 0x0000000085900000|  0%| F|  |TAMS 0x0000000085800000, 0x0000000085800000| Untracked 
|  89|0x0000000085900000, 0x0000000085900000, 0x0000000085a00000|  0%| F|  |TAMS 0x0000000085900000, 0x0000000085900000| Untracked 
|  90|0x0000000085a00000, 0x0000000085a00000, 0x0000000085b00000|  0%| F|  |TAMS 0x0000000085a00000, 0x0000000085a00000| Untracked 
|  91|0x0000000085b00000, 0x0000000085b00000, 0x0000000085c00000|  0%| F|  |TAMS 0x0000000085b00000, 0x0000000085b00000| Untracked 
|  92|0x0000000085c00000, 0x0000000085c00000, 0x0000000085d00000|  0%| F|  |TAMS 0x0000000085c00000, 0x0000000085c00000| Untracked 
|  93|0x0000000085d00000, 0x0000000085d00000, 0x0000000085e00000|  0%| F|  |TAMS 0x0000000085d00000, 0x0000000085d00000| Untracked 
|  94|0x0000000085e00000, 0x0000000085e00000, 0x0000000085f00000|  0%| F|  |TAMS 0x0000000085e00000, 0x0000000085e00000| Untracked 
|  95|0x0000000085f00000, 0x0000000085f00000, 0x0000000086000000|  0%| F|  |TAMS 0x0000000085f00000, 0x0000000085f00000| Untracked 
|  96|0x0000000086000000, 0x0000000086000000, 0x0000000086100000|  0%| F|  |TAMS 0x0000000086000000, 0x0000000086000000| Untracked 
|  97|0x0000000086100000, 0x0000000086100000, 0x0000000086200000|  0%| F|  |TAMS 0x0000000086100000, 0x0000000086100000| Untracked 
|  98|0x0000000086200000, 0x0000000086200000, 0x0000000086300000|  0%| F|  |TAMS 0x0000000086200000, 0x0000000086200000| Untracked 
|  99|0x0000000086300000, 0x0000000086300000, 0x0000000086400000|  0%| F|  |TAMS 0x0000000086300000, 0x0000000086300000| Untracked 
| 100|0x0000000086400000, 0x0000000086400000, 0x0000000086500000|  0%| F|  |TAMS 0x0000000086400000, 0x0000000086400000| Untracked 
| 101|0x0000000086500000, 0x0000000086500000, 0x0000000086600000|  0%| F|  |TAMS 0x0000000086500000, 0x0000000086500000| Untracked 
| 102|0x0000000086600000, 0x0000000086600000, 0x0000000086700000|  0%| F|  |TAMS 0x0000000086600000, 0x0000000086600000| Untracked 
| 103|0x0000000086700000, 0x0000000086700000, 0x0000000086800000|  0%| F|  |TAMS 0x0000000086700000, 0x0000000086700000| Untracked 
| 104|0x0000000086800000, 0x0000000086800000, 0x0000000086900000|  0%| F|  |TAMS 0x0000000086800000, 0x0000000086800000| Untracked 
| 105|0x0000000086900000, 0x0000000086900000, 0x0000000086a00000|  0%| F|  |TAMS 0x0000000086900000, 0x0000000086900000| Untracked 
| 106|0x0000000086a00000, 0x0000000086a00000, 0x0000000086b00000|  0%| F|  |TAMS 0x0000000086a00000, 0x0000000086a00000| Untracked 
| 107|0x0000000086b00000, 0x0000000086b00000, 0x0000000086c00000|  0%| F|  |TAMS 0x0000000086b00000, 0x0000000086b00000| Untracked 
| 108|0x0000000086c00000, 0x0000000086c00000, 0x0000000086d00000|  0%| F|  |TAMS 0x0000000086c00000, 0x0000000086c00000| Untracked 
| 109|0x0000000086d00000, 0x0000000086d00000, 0x0000000086e00000|  0%| F|  |TAMS 0x0000000086d00000, 0x0000000086d00000| Untracked 
| 110|0x0000000086e00000, 0x0000000086e00000, 0x0000000086f00000|  0%| F|  |TAMS 0x0000000086e00000, 0x0000000086e00000| Untracked 
| 111|0x0000000086f00000, 0x0000000086f00000, 0x0000000087000000|  0%| F|  |TAMS 0x0000000086f00000, 0x0000000086f00000| Untracked 
| 112|0x0000000087000000, 0x0000000087000000, 0x0000000087100000|  0%| F|  |TAMS 0x0000000087000000, 0x0000000087000000| Untracked 
| 113|0x0000000087100000, 0x0000000087189eb0, 0x0000000087200000| 53%| S|CS|TAMS 0x0000000087100000, 0x0000000087100000| Complete 
| 114|0x0000000087200000, 0x0000000087300000, 0x0000000087300000|100%| S|CS|TAMS 0x0000000087200000, 0x0000000087200000| Complete 
| 115|0x0000000087300000, 0x0000000087400000, 0x0000000087400000|100%| S|CS|TAMS 0x0000000087300000, 0x0000000087300000| Complete 
| 116|0x0000000087400000, 0x0000000087500000, 0x0000000087500000|100%| S|CS|TAMS 0x0000000087400000, 0x0000000087400000| Complete 
| 117|0x0000000087500000, 0x0000000087500000, 0x0000000087600000|  0%| F|  |TAMS 0x0000000087500000, 0x0000000087500000| Untracked 
| 118|0x0000000087600000, 0x0000000087680800, 0x0000000087700000| 50%| E|  |TAMS 0x0000000087600000, 0x0000000087600000| Complete 
| 119|0x0000000087700000, 0x0000000087800000, 0x0000000087800000|100%| E|CS|TAMS 0x0000000087700000, 0x0000000087700000| Complete 
| 120|0x0000000087800000, 0x0000000087900000, 0x0000000087900000|100%| E|CS|TAMS 0x0000000087800000, 0x0000000087800000| Complete 
| 121|0x0000000087900000, 0x0000000087a00000, 0x0000000087a00000|100%| E|CS|TAMS 0x0000000087900000, 0x0000000087900000| Complete 
| 122|0x0000000087a00000, 0x0000000087b00000, 0x0000000087b00000|100%| E|CS|TAMS 0x0000000087a00000, 0x0000000087a00000| Complete 
| 123|0x0000000087b00000, 0x0000000087c00000, 0x0000000087c00000|100%| E|CS|TAMS 0x0000000087b00000, 0x0000000087b00000| Complete 
| 124|0x0000000087c00000, 0x0000000087d00000, 0x0000000087d00000|100%| E|CS|TAMS 0x0000000087c00000, 0x0000000087c00000| Complete 
| 125|0x0000000087d00000, 0x0000000087e00000, 0x0000000087e00000|100%| E|CS|TAMS 0x0000000087d00000, 0x0000000087d00000| Complete 

Card table byte_map: [0x00000225dc990000,0x00000225dcd90000] _byte_map_base: 0x00000225dc590000

Marking Bits (Prev, Next): (CMBitMap*) 0x00000225c4e6f240, (CMBitMap*) 0x00000225c4e6f208
 Prev Bits: [0x00000225df190000, 0x00000225e1190000)
 Next Bits: [0x00000225dd190000, 0x00000225df190000)

Polling page: 0x00000225c2da0000

Metaspace:

Usage:
  Non-class:     18.74 MB capacity,    18.43 MB ( 98%) used,   273.51 KB (  1%) free+waste,    37.13 KB ( <1%) overhead. 
      Class:      2.74 MB capacity,     2.56 MB ( 94%) used,   160.46 KB (  6%) free+waste,    18.25 KB ( <1%) overhead. 
       Both:     21.47 MB capacity,    21.00 MB ( 98%) used,   433.97 KB (  2%) free+waste,    55.38 KB ( <1%) overhead. 

Virtual space:
  Non-class space:       20.00 MB reserved,      18.92 MB ( 95%) committed 
      Class space:      504.00 MB reserved,       2.82 MB ( <1%) committed 
             Both:      524.00 MB reserved,      21.75 MB (  4%) committed 

Chunk freelists:
   Non-Class:  15.00 KB
       Class:  11.00 KB
        Both:  26.00 KB

MaxMetaspaceSize: 512.00 MB
CompressedClassSpaceSize: 504.00 MB
Initial GC threshold: 20.80 MB
Current GC threshold: 35.20 MB
CDS: off

CodeHeap 'non-profiled nmethods': size=120064Kb used=760Kb max_used=760Kb free=119303Kb
 bounds [0x00000225d5050000, 0x00000225d52c0000, 0x00000225dc590000]
CodeHeap 'profiled nmethods': size=120000Kb used=3717Kb max_used=3717Kb free=116282Kb
 bounds [0x00000225cdb20000, 0x00000225cded0000, 0x00000225d5050000]
CodeHeap 'non-nmethods': size=5696Kb used=1201Kb max_used=1217Kb free=4494Kb
 bounds [0x00000225cd590000, 0x00000225cd800000, 0x00000225cdb20000]
 total_blobs=2399 nmethods=1922 adapters=390
 compilation: enabled
              stopped_count=0, restarted_count=0
 full_count=0

Compilation events (20 events):
Event: 2.054 Thread 0x00000225e3fd5800 1924       3       sun.security.provider.MD5::FF (33 bytes)
Event: 2.054 Thread 0x00000225e3fd5800 nmethod 1924 0x00000225cdea3590 code [0x00000225cdea3740, 0x00000225cdea3858]
Event: 2.054 Thread 0x00000225e3fd5800 1927       3       java.security.MessageDigest$Delegate::engineUpdate (11 bytes)
Event: 2.054 Thread 0x00000225e3fd5800 nmethod 1927 0x00000225cdea3910 code [0x00000225cdea3ac0, 0x00000225cdea3c88]
Event: 2.054 Thread 0x00000225e3fd5800 1925       3       sun.security.provider.MD5::GG (33 bytes)
Event: 2.054 Thread 0x00000225e3fd5800 nmethod 1925 0x00000225cdea3d90 code [0x00000225cdea3f40, 0x00000225cdea4058]
Event: 2.054 Thread 0x00000225e3fd5800 1926       3       sun.security.provider.MD5::HH (29 bytes)
Event: 2.054 Thread 0x00000225e3fd5800 nmethod 1926 0x00000225cdea4110 code [0x00000225cdea42c0, 0x00000225cdea43d8]
Event: 2.054 Thread 0x00000225e3fd5800 1928       3       sun.security.provider.MD5::II (31 bytes)
Event: 2.054 Thread 0x00000225e3fd5800 nmethod 1928 0x00000225cdea4490 code [0x00000225cdea4640, 0x00000225cdea4758]
Event: 2.057 Thread 0x00000225e3fd5800 1930       3       java.lang.reflect.ProxyGenerator$ConstantPool::getValue (87 bytes)
Event: 2.057 Thread 0x00000225e3fd5800 nmethod 1930 0x00000225cdea4810 code [0x00000225cdea4b40, 0x00000225cdea5db8]
Event: 2.057 Thread 0x00000225e3fd5800 1932 %     3       java.io.DataOutputStream::writeUTF @ 211 (435 bytes)
Event: 2.059 Thread 0x00000225e3fd5800 nmethod 1932% 0x00000225cdea6490 code [0x00000225cdea6900, 0x00000225cdea8f58]
Event: 2.059 Thread 0x00000225e3fd5800 1931       3       java.lang.reflect.ProxyGenerator$ConstantPool::getMethodRef (33 bytes)
Event: 2.060 Thread 0x00000225e3fd5800 nmethod 1931 0x00000225cdea9e10 code [0x00000225cdeaa0e0, 0x00000225cdeaad48]
Event: 2.060 Thread 0x00000225e3fd5800 1933       3       java.util.Collections::emptySet (4 bytes)
Event: 2.060 Thread 0x00000225e3fd5800 nmethod 1933 0x00000225cdeab290 code [0x00000225cdeab440, 0x00000225cdeab538]
Event: 2.082 Thread 0x00000225e3fd5800 1934       3       java.util.Collections$EmptyMap::entrySet (4 bytes)
Event: 2.082 Thread 0x00000225e3fd5800 nmethod 1934 0x00000225cdeab590 code [0x00000225cdeab740, 0x00000225cdeab898]

GC Heap History (10 events):
Event: 0.522 GC heap before
{Heap before GC invocations=0 (full 0):
 garbage-first heap   total 129024K, used 20480K [0x0000000080000000, 0x0000000100000000)
  region size 1024K, 14 young (14336K), 0 survivors (0K)
 Metaspace       used 6767K, capacity 7001K, committed 7168K, reserved 524288K
  class space    used 571K, capacity 650K, committed 768K, reserved 516096K
}
Event: 0.524 GC heap after
{Heap after GC invocations=1 (full 0):
 garbage-first heap   total 129024K, used 8065K [0x0000000080000000, 0x0000000100000000)
  region size 1024K, 2 young (2048K), 2 survivors (2048K)
 Metaspace       used 6767K, capacity 7001K, committed 7168K, reserved 524288K
  class space    used 571K, capacity 650K, committed 768K, reserved 516096K
}
Event: 0.751 GC heap before
{Heap before GC invocations=1 (full 0):
 garbage-first heap   total 129024K, used 21377K [0x0000000080000000, 0x0000000100000000)
  region size 1024K, 15 young (15360K), 2 survivors (2048K)
 Metaspace       used 10301K, capacity 10504K, committed 10624K, reserved 526336K
  class space    used 1050K, capacity 1140K, committed 1152K, reserved 516096K
}
Event: 0.753 GC heap after
{Heap after GC invocations=2 (full 0):
 garbage-first heap   total 129024K, used 9872K [0x0000000080000000, 0x0000000100000000)
  region size 1024K, 2 young (2048K), 2 survivors (2048K)
 Metaspace       used 10301K, capacity 10504K, committed 10624K, reserved 526336K
  class space    used 1050K, capacity 1140K, committed 1152K, reserved 516096K
}
Event: 1.119 GC heap before
{Heap before GC invocations=2 (full 0):
 garbage-first heap   total 129024K, used 42640K [0x0000000080000000, 0x0000000100000000)
  region size 1024K, 33 young (33792K), 2 survivors (2048K)
 Metaspace       used 11300K, capacity 11579K, committed 11904K, reserved 528384K
  class space    used 1164K, capacity 1285K, committed 1408K, reserved 516096K
}
Event: 1.122 GC heap after
{Heap after GC invocations=3 (full 0):
 garbage-first heap   total 129024K, used 14476K [0x0000000080000000, 0x0000000100000000)
  region size 1024K, 5 young (5120K), 5 survivors (5120K)
 Metaspace       used 11300K, capacity 11579K, committed 11904K, reserved 528384K
  class space    used 1164K, capacity 1285K, committed 1408K, reserved 516096K
}
Event: 1.755 GC heap before
{Heap before GC invocations=3 (full 0):
 garbage-first heap   total 129024K, used 59532K [0x0000000080000000, 0x0000000100000000)
  region size 1024K, 49 young (50176K), 5 survivors (5120K)
 Metaspace       used 19289K, capacity 19669K, committed 19968K, reserved 534528K
  class space    used 2314K, capacity 2473K, committed 2560K, reserved 516096K
}
Event: 1.780 GC heap after
{Heap after GC invocations=4 (full 0):
 garbage-first heap   total 129024K, used 16856K [0x0000000080000000, 0x0000000100000000)
  region size 1024K, 7 young (7168K), 7 survivors (7168K)
 Metaspace       used 19289K, capacity 19669K, committed 19968K, reserved 534528K
  class space    used 2314K, capacity 2473K, committed 2560K, reserved 516096K
}
Event: 2.011 GC heap before
{Heap before GC invocations=4 (full 0):
 garbage-first heap   total 129024K, used 25048K [0x0000000080000000, 0x0000000100000000)
  region size 1024K, 16 young (16384K), 7 survivors (7168K)
 Metaspace       used 20775K, capacity 21195K, committed 21296K, reserved 536576K
  class space    used 2512K, capacity 2667K, committed 2688K, reserved 516096K
}
Event: 2.015 GC heap after
{Heap after GC invocations=5 (full 0):
 garbage-first heap   total 129024K, used 17704K [0x0000000080000000, 0x0000000100000000)
  region size 1024K, 4 young (4096K), 4 survivors (4096K)
 Metaspace       used 20775K, capacity 21195K, committed 21296K, reserved 536576K
  class space    used 2512K, capacity 2667K, committed 2688K, reserved 516096K
}

Deoptimization events (20 events):
Event: 1.530 Thread 0x00000225e5924800 Uncommon trap: trap_request=0xffffffc6 fr.pc=0x00000225d50cc5bc relative=0x0000000000000f3c
Event: 1.530 Thread 0x00000225e5924800 Uncommon trap: reason=bimorphic_or_optimized_type_check action=maybe_recompile pc=0x00000225d50cc5bc method=java.util.HashMap.putVal(ILjava/lang/Object;Ljava/lang/Object;ZZ)Ljava/lang/Object; @ 253 c2
Event: 1.530 Thread 0x00000225e5924800 DEOPT PACKING pc=0x00000225d50cc5bc sp=0x0000005c066fea80
Event: 1.530 Thread 0x00000225e5924800 DEOPT UNPACKING pc=0x00000225cd5da1af sp=0x0000005c066fea20 mode 2
Event: 1.530 Thread 0x00000225e5924800 Uncommon trap: trap_request=0xffffffc6 fr.pc=0x00000225d50cc5bc relative=0x0000000000000f3c
Event: 1.530 Thread 0x00000225e5924800 Uncommon trap: reason=bimorphic_or_optimized_type_check action=maybe_recompile pc=0x00000225d50cc5bc method=java.util.HashMap.putVal(ILjava/lang/Object;Ljava/lang/Object;ZZ)Ljava/lang/Object; @ 253 c2
Event: 1.530 Thread 0x00000225e5924800 DEOPT PACKING pc=0x00000225d50cc5bc sp=0x0000005c066feb70
Event: 1.530 Thread 0x00000225e5924800 DEOPT UNPACKING pc=0x00000225cd5da1af sp=0x0000005c066feb10 mode 2
Event: 1.832 Thread 0x00000225e5924800 Uncommon trap: trap_request=0xffffff4d fr.pc=0x00000225d50b5434 relative=0x00000000000001d4
Event: 1.832 Thread 0x00000225e5924800 Uncommon trap: reason=unstable_if action=reinterpret pc=0x00000225d50b5434 method=java.util.regex.Matcher.reset()Ljava/util/regex/Matcher; @ 71 c2
Event: 1.832 Thread 0x00000225e5924800 DEOPT PACKING pc=0x00000225d50b5434 sp=0x0000005c066f8b30
Event: 1.832 Thread 0x00000225e5924800 DEOPT UNPACKING pc=0x00000225cd5da1af sp=0x0000005c066f8ab8 mode 2
Event: 1.888 Thread 0x00000225e5924800 Uncommon trap: trap_request=0xffffff4d fr.pc=0x00000225d506dfa0 relative=0x0000000000000a00
Event: 1.888 Thread 0x00000225e5924800 Uncommon trap: reason=unstable_if action=reinterpret pc=0x00000225d506dfa0 method=java.io.WinNTFileSystem.resolve(Ljava/lang/String;Ljava/lang/String;)Ljava/lang/String; @ 19 c2
Event: 1.888 Thread 0x00000225e5924800 DEOPT PACKING pc=0x00000225d506dfa0 sp=0x0000005c066fb3e0
Event: 1.888 Thread 0x00000225e5924800 DEOPT UNPACKING pc=0x00000225cd5da1af sp=0x0000005c066fb378 mode 2
Event: 1.890 Thread 0x00000225e5924800 Uncommon trap: trap_request=0xffffff4d fr.pc=0x00000225d50ffc2c relative=0x000000000000046c
Event: 1.890 Thread 0x00000225e5924800 Uncommon trap: reason=unstable_if action=reinterpret pc=0x00000225d50ffc2c method=java.lang.String.substring(I)Ljava/lang/String; @ 34 c2
Event: 1.890 Thread 0x00000225e5924800 DEOPT PACKING pc=0x00000225d50ffc2c sp=0x0000005c066fb2d0
Event: 1.890 Thread 0x00000225e5924800 DEOPT UNPACKING pc=0x00000225cd5da1af sp=0x0000005c066fb298 mode 2

Classes redefined (0 events):
No events

Internal exceptions (20 events):
Event: 0.289 Thread 0x00000225c4e32800 Exception <a 'java/lang/NoSuchMethodError'{0x0000000087a1dc38}: 'int java.lang.invoke.DirectMethodHandle$Holder.invokeSpecialIFC(java.lang.Object, java.lang.Object, int)'> (0x0000000087a1dc38) thrown at [./src/hotspot/share/interpreter/linkResolver.cpp, line 773]
Event: 0.533 Thread 0x00000225c4e32800 Exception <a 'java/lang/NoClassDefFoundError'{0x0000000087dad510}: org/slf4j/impl/StaticMarkerBinder> (0x0000000087dad510) thrown at [./src/hotspot/share/classfile/systemDictionary.cpp, line 219]
Event: 0.584 Thread 0x00000225c4e32800 Exception <a 'java/lang/NoSuchMethodError'{0x0000000087942020}: 'java.lang.Object java.lang.invoke.DirectMethodHandle$Holder.invokeVirtual(java.lang.Object, java.lang.Object, java.lang.Object, java.lang.Object, java.lang.Object, java.lang.Object, java.lang.Object)'> (0x0000000087942020) thrown at [./src/hotspot/share/interpreter/linkResolver.cpp, line 773]
Event: 0.586 Thread 0x00000225c4e32800 Exception <a 'java/lang/NoSuchMethodError'{0x0000000087956b48}: 'java.lang.Object java.lang.invoke.Invokers$Holder.invoker(java.lang.Object, java.lang.Object, java.lang.Object)'> (0x0000000087956b48) thrown at [./src/hotspot/share/interpreter/linkResolver.cpp, line 773]
Event: 0.589 Thread 0x00000225c4e32800 Exception <a 'java/lang/NoSuchMethodError'{0x0000000087967bc0}: 'void java.lang.invoke.DelegatingMethodHandle$Holder.delegate(java.lang.Object, java.lang.Object, int, java.lang.Object)'> (0x0000000087967bc0) thrown at [./src/hotspot/share/interpreter/linkResolver.cpp, line 773]
Event: 1.077 Thread 0x00000225c4e32800 Exception <a 'java/security/PrivilegedActionException'{0x000000008623f690}> (0x000000008623f690) thrown at [./src/hotspot/share/prims/jvm.cpp, line 1306]
Event: 1.077 Thread 0x00000225c4e32800 Exception <a 'java/security/PrivilegedActionException'{0x000000008623fc08}> (0x000000008623fc08) thrown at [./src/hotspot/share/prims/jvm.cpp, line 1306]
Event: 1.223 Thread 0x00000225c4e32800 Exception <a 'java/lang/NoSuchMethodError'{0x0000000087207548}: 'java.lang.Object java.lang.invoke.DirectMethodHandle$Holder.invokeStaticInit(java.lang.Object, java.lang.Object, java.lang.Object)'> (0x0000000087207548) thrown at [./src/hotspot/share/interpreter/linkResolver.cpp, line 773]
Event: 1.316 Thread 0x00000225c4e32800 Exception <a 'java/lang/NoSuchMethodError'{0x0000000086c4c720}: 'java.lang.Object java.lang.invoke.DirectMethodHandle$Holder.invokeStaticInit(java.lang.Object, int, int, int, int)'> (0x0000000086c4c720) thrown at [./src/hotspot/share/interpreter/linkResolver.cpp, line 773]
Event: 1.371 Thread 0x00000225c4e32800 Exception <a 'java/lang/NoSuchMethodError'{0x0000000086c95430}: 'java.lang.Object java.lang.invoke.DirectMethodHandle$Holder.invokeStaticInit(java.lang.Object, java.lang.Object, int, int, int, int)'> (0x0000000086c95430) thrown at [./src/hotspot/share/interpreter/linkResolver.cpp, line 773]
Event: 1.471 Thread 0x00000225c4e32800 Exception <a 'java/io/IOException'{0x0000000086aaf3c8}> (0x0000000086aaf3c8) thrown at [./src/hotspot/share/prims/jni.cpp, line 617]
Event: 1.563 Thread 0x00000225e5924800 Exception <a 'java/lang/NoSuchMethodError'{0x00000000865b9d70}: 'long java.lang.invoke.DirectMethodHandle$Holder.invokeInterface(java.lang.Object, java.lang.Object)'> (0x00000000865b9d70) thrown at [./src/hotspot/share/interpreter/linkResolver.cpp, line 773]
Event: 1.565 Thread 0x00000225e5924800 Exception <a 'java/lang/NoSuchMethodError'{0x00000000865c6e10}: 'void java.lang.invoke.DelegatingMethodHandle$Holder.reinvoke_L(java.lang.Object, java.lang.Object, java.lang.Object, java.lang.Object, java.lang.Object, java.lang.Object, java.lang.Object)'> (0x00000000865c6e10) thrown at [./src/hotspot/share/interpreter/linkResolver.cpp, line 773]
Event: 1.808 Thread 0x00000225e5924800 Exception <a 'java/lang/NoSuchMethodError'{0x0000000087cee708}: 'void java.lang.invoke.DirectMethodHandle$Holder.invokeStaticInit(java.lang.Object)'> (0x0000000087cee708) thrown at [./src/hotspot/share/interpreter/linkResolver.cpp, line 773]
Event: 1.820 Thread 0x00000225e5924800 Exception <a 'java/lang/NoSuchMethodError'{0x0000000087b9ad88}: 'java.lang.Object java.lang.invoke.DirectMethodHandle$Holder.invokeStatic(java.lang.Object, java.lang.Object, java.lang.Object, int)'> (0x0000000087b9ad88) thrown at [./src/hotspot/share/interpreter/linkResolver.cpp, line 773]
Event: 1.820 Thread 0x00000225e5924800 Exception <a 'java/lang/NoSuchMethodError'{0x0000000087b9f4a0}: 'java.lang.Object java.lang.invoke.DirectMethodHandle$Holder.invokeSpecial(java.lang.Object, java.lang.Object, java.lang.Object, java.lang.Object, int)'> (0x0000000087b9f4a0) thrown at [./src/hotspot/share/interpreter/linkResolver.cpp, line 773]
Event: 1.821 Thread 0x00000225e5924800 Exception <a 'java/lang/NoSuchMethodError'{0x0000000087ba33d8}: 'java.lang.Object java.lang.invoke.Invokers$Holder.linkToTargetMethod(java.lang.Object, java.lang.Object, int, java.lang.Object)'> (0x0000000087ba33d8) thrown at [./src/hotspot/share/interpreter/linkResolver.cpp, line 773]
Event: 1.996 Thread 0x00000225e5924800 Exception <a 'java/lang/NoSuchMethodError'{0x000000008755ea18}: 'int java.lang.invoke.DirectMethodHandle$Holder.invokeSpecialIFC(java.lang.Object, java.lang.Object, java.lang.Object, java.lang.Object)'> (0x000000008755ea18) thrown at [./src/hotspot/share/interpreter/linkResolver.cpp, line 773]
Event: 1.998 Thread 0x00000225e5924800 Exception <a 'java/lang/NoSuchMethodError'{0x000000008756c9d0}: 'java.lang.Object java.lang.invoke.DirectMethodHandle$Holder.invokeInterface(java.lang.Object, java.lang.Object, java.lang.Object)'> (0x000000008756c9d0) thrown at [./src/hotspot/share/interpreter/linkResolver.cpp, line 773]
Event: 1.998 Thread 0x00000225e5924800 Exception <a 'java/lang/IncompatibleClassChangeError'{0x000000008756fea8}: Found class java.lang.Object, but interface was expected> (0x000000008756fea8) thrown at [./src/hotspot/share/interpreter/linkResolver.cpp, line 839]

Events (20 events):
Event: 2.088 loading class org/gradle/internal/snapshot/impl/DefaultValueSnapshotter$ValueSnapshotVisitor
Event: 2.088 loading class org/gradle/internal/snapshot/impl/DefaultValueSnapshotter$ValueSnapshotVisitor done
Event: 2.089 loading class org/gradle/internal/snapshot/ValueSnapshot
Event: 2.089 loading class org/gradle/internal/snapshot/ValueSnapshot done
Event: 2.089 loading class org/gradle/internal/hash/Hashable
Event: 2.089 loading class org/gradle/internal/hash/Hashable done
Event: 2.090 loading class org/gradle/internal/snapshot/impl/DefaultValueSnapshotter$IsolatableVisitor
Event: 2.090 loading class org/gradle/internal/snapshot/impl/DefaultValueSnapshotter$IsolatableVisitor done
Event: 2.090 loading class org/gradle/internal/isolation/Isolatable
Event: 2.090 loading class org/gradle/internal/isolation/Isolatable done
Event: 2.091 loading class org/gradle/api/internal/attributes/ImmutableAttributes
Event: 2.091 loading class org/gradle/api/internal/attributes/ImmutableAttributes done
Event: 2.091 loading class org/gradle/api/internal/attributes/AttributeContainerInternal
Event: 2.091 loading class org/gradle/api/internal/attributes/AttributeContainerInternal done
Event: 2.091 loading class org/gradle/api/attributes/AttributeContainer
Event: 2.091 loading class org/gradle/api/attributes/AttributeContainer done
Event: 2.091 loading class org/gradle/api/attributes/HasAttributes
Event: 2.091 loading class org/gradle/api/attributes/HasAttributes done
Event: 2.091 loading class org/gradle/api/internal/attributes/AttributeMergingException
Event: 2.091 loading class org/gradle/api/internal/attributes/AttributeMergingException done


Dynamic libraries:
0x00007ff65f4b0000 - 0x00007ff65f4bd000 	C:\Program Files\OpenJDK\openjdk-11.0.15_10\bin\java.exe
0x00007ffa58430000 - 0x00007ffa58628000 	C:\Windows\SYSTEM32\ntdll.dll
0x00007ffa58200000 - 0x00007ffa582bd000 	C:\Windows\System32\KERNEL32.DLL
0x00007ffa560b0000 - 0x00007ffa5637e000 	C:\Windows\System32\KERNELBASE.dll
0x00007ffa55c60000 - 0x00007ffa55d60000 	C:\Windows\System32\ucrtbase.dll
0x00007ffa4dec0000 - 0x00007ffa4ded8000 	C:\Program Files\OpenJDK\openjdk-11.0.15_10\bin\jli.dll
0x00007ffa56670000 - 0x00007ffa56810000 	C:\Windows\System32\USER32.dll
0x00007ffa55d60000 - 0x00007ffa55d82000 	C:\Windows\System32\win32u.dll
0x00007ffa572b0000 - 0x00007ffa572da000 	C:\Windows\System32\GDI32.dll
0x00007ffa56380000 - 0x00007ffa5648b000 	C:\Windows\System32\gdi32full.dll
0x00007ffa55b50000 - 0x00007ffa55bed000 	C:\Windows\System32\msvcp_win.dll
0x00007ffa37550000 - 0x00007ffa377ea000 	C:\Windows\WinSxS\amd64_microsoft.windows.common-controls_6595b64144ccf1df_6.0.19041.1110_none_60b5254171f9507e\COMCTL32.dll
0x00007ffa57010000 - 0x00007ffa570ae000 	C:\Windows\System32\msvcrt.dll
0x00007ffa4e850000 - 0x00007ffa4e866000 	C:\Program Files\OpenJDK\openjdk-11.0.15_10\bin\VCRUNTIME140.dll
0x00007ffa57a80000 - 0x00007ffa57ab0000 	C:\Windows\System32\IMM32.DLL
0x00007ffa37ae0000 - 0x00007ffa37b8a000 	C:\Program Files\OpenJDK\openjdk-11.0.15_10\bin\msvcp140.dll
0x00007ffa22d20000 - 0x00007ffa23871000 	C:\Program Files\OpenJDK\openjdk-11.0.15_10\bin\server\jvm.dll
0x00007ffa58150000 - 0x00007ffa581fe000 	C:\Windows\System32\ADVAPI32.dll
0x00007ffa579c0000 - 0x00007ffa57a5c000 	C:\Windows\System32\sechost.dll
0x00007ffa58020000 - 0x00007ffa58145000 	C:\Windows\System32\RPCRT4.dll
0x00007ffa57a70000 - 0x00007ffa57a78000 	C:\Windows\System32\PSAPI.DLL
0x00007ffa532f0000 - 0x00007ffa532f9000 	C:\Windows\SYSTEM32\WSOCK32.dll
0x00007ffa57240000 - 0x00007ffa572ab000 	C:\Windows\System32\WS2_32.dll
0x00007ffa41e40000 - 0x00007ffa41e67000 	C:\Windows\SYSTEM32\WINMM.dll
0x00007ffa50920000 - 0x00007ffa5092a000 	C:\Windows\SYSTEM32\VERSION.dll
0x00007ffa53990000 - 0x00007ffa539a2000 	C:\Windows\SYSTEM32\kernel.appcore.dll
0x00007ffa4de10000 - 0x00007ffa4de21000 	C:\Program Files\OpenJDK\openjdk-11.0.15_10\bin\verify.dll
0x00007ffa41be0000 - 0x00007ffa41dc4000 	C:\Windows\SYSTEM32\DBGHELP.DLL
0x00007ffa419b0000 - 0x00007ffa419dc000 	C:\Windows\SYSTEM32\dbgcore.DLL
0x00007ffa55f70000 - 0x00007ffa55ff2000 	C:\Windows\System32\bcryptPrimitives.dll
0x00007ffa424c0000 - 0x00007ffa424e9000 	C:\Program Files\OpenJDK\openjdk-11.0.15_10\bin\java.dll
0x00007ffa51640000 - 0x00007ffa5164a000 	C:\Program Files\OpenJDK\openjdk-11.0.15_10\bin\jimage.dll
0x00007ffa429f0000 - 0x00007ffa42a08000 	C:\Program Files\OpenJDK\openjdk-11.0.15_10\bin\zip.dll
0x00007ffa56810000 - 0x00007ffa56f54000 	C:\Windows\System32\SHELL32.dll
0x00007ffa53c70000 - 0x00007ffa54404000 	C:\Windows\SYSTEM32\windows.storage.dll
0x00007ffa57cc0000 - 0x00007ffa58014000 	C:\Windows\System32\combase.dll
0x00007ffa554e0000 - 0x00007ffa55510000 	C:\Windows\SYSTEM32\Wldp.dll
0x00007ffa565c0000 - 0x00007ffa5666d000 	C:\Windows\System32\SHCORE.dll
0x00007ffa57960000 - 0x00007ffa579b5000 	C:\Windows\System32\shlwapi.dll
0x00007ffa55a90000 - 0x00007ffa55aaf000 	C:\Windows\SYSTEM32\profapi.dll
0x00007ffa424a0000 - 0x00007ffa424b9000 	C:\Program Files\OpenJDK\openjdk-11.0.15_10\bin\net.dll
0x00007ffa4b840000 - 0x00007ffa4b94a000 	C:\Windows\SYSTEM32\WINHTTP.dll
0x00007ffa55240000 - 0x00007ffa552aa000 	C:\Windows\system32\mswsock.dll
0x00007ffa3e800000 - 0x00007ffa3e813000 	C:\Program Files\OpenJDK\openjdk-11.0.15_10\bin\nio.dll
0x00007ffa3baa0000 - 0x00007ffa3bac7000 	C:\Users\Asus\.gradle\native\e1d6ef7f7dcc3fd88c89a11ec53ec762bb8ba0a96d01ffa2cd45eb1d1d8dd5c5\windows-amd64\native-platform.dll
0x00007ffa29a90000 - 0x00007ffa29bd4000 	C:\Users\Asus\.gradle\native\5664cfc778a61ccfe75a443a1ab52a65af34e5dc3c78e0209fed803814484fcb\windows-amd64\native-platform-file-events.dll
0x00007ffa50d50000 - 0x00007ffa50d59000 	C:\Program Files\OpenJDK\openjdk-11.0.15_10\bin\management.dll
0x00007ffa441c0000 - 0x00007ffa441cc000 	C:\Program Files\OpenJDK\openjdk-11.0.15_10\bin\management_ext.dll
0x00007ffa55430000 - 0x00007ffa55448000 	C:\Windows\SYSTEM32\CRYPTSP.dll
0x00007ffa54bc0000 - 0x00007ffa54bf4000 	C:\Windows\system32\rsaenh.dll
0x00007ffa55f40000 - 0x00007ffa55f67000 	C:\Windows\System32\bcrypt.dll
0x00007ffa55a50000 - 0x00007ffa55a7e000 	C:\Windows\SYSTEM32\USERENV.dll
0x00007ffa55450000 - 0x00007ffa5545c000 	C:\Windows\SYSTEM32\CRYPTBASE.dll
0x00007ffa54f30000 - 0x00007ffa54f6b000 	C:\Windows\SYSTEM32\IPHLPAPI.DLL
0x00007ffa583e0000 - 0x00007ffa583e8000 	C:\Windows\System32\NSI.dll
0x00007ffa4faa0000 - 0x00007ffa4fab7000 	C:\Windows\SYSTEM32\dhcpcsvc6.DLL
0x00007ffa4fa80000 - 0x00007ffa4fa9d000 	C:\Windows\SYSTEM32\dhcpcsvc.DLL
0x00007ffa54f70000 - 0x00007ffa5503b000 	C:\Windows\SYSTEM32\DNSAPI.dll

dbghelp: loaded successfully - version: 4.0.5 - missing functions: none
symbol engine: initialized successfully - sym options: 0x614 - pdb path: .;C:\Program Files\OpenJDK\openjdk-11.0.15_10\bin;C:\Windows\SYSTEM32;C:\Windows\WinSxS\amd64_microsoft.windows.common-controls_6595b64144ccf1df_6.0.19041.1110_none_60b5254171f9507e;C:\Program Files\OpenJDK\openjdk-11.0.15_10\bin\server;C:\Users\Asus\.gradle\native\e1d6ef7f7dcc3fd88c89a11ec53ec762bb8ba0a96d01ffa2cd45eb1d1d8dd5c5\windows-amd64;C:\Users\Asus\.gradle\native\5664cfc778a61ccfe75a443a1ab52a65af34e5dc3c78e0209fed803814484fcb\windows-amd64

VM Arguments:
jvm_args: -XX:MaxMetaspaceSize=512m --add-opens=java.base/java.util=ALL-UNNAMED --add-opens=java.base/java.lang=ALL-UNNAMED --add-opens=java.base/java.lang.invoke=ALL-UNNAMED --add-opens=java.base/java.util=ALL-UNNAMED --add-opens=java.prefs/java.util.prefs=ALL-UNNAMED --add-opens=java.prefs/java.util.prefs=ALL-UNNAMED --add-opens=java.base/java.nio.charset=ALL-UNNAMED --add-opens=java.base/java.net=ALL-UNNAMED --add-opens=java.base/java.util.concurrent.atomic=ALL-UNNAMED -Xmx2048m -Dfile.encoding=windows-1252 -Duser.country=IN -Duser.language=en -Duser.variant 
java_command: org.gradle.launcher.daemon.bootstrap.GradleDaemon 7.3.3
java_class_path (initial): C:\Users\Asus\.gradle\wrapper\dists\gradle-7.3.3-all\4295vidhdd9hd3gbjyw1xqxpo\gradle-7.3.3\lib\gradle-launcher-7.3.3.jar
Launcher Type: SUN_STANDARD

[Global flags]
     intx CICompilerCount                          = 3                                         {product} {ergonomic}
   size_t CompressedClassSpaceSize                 = 528482304                                 {product} {ergonomic}
     uint ConcGCThreads                            = 1                                         {product} {ergonomic}
     uint G1ConcRefinementThreads                  = 4                                         {product} {ergonomic}
   size_t G1HeapRegionSize                         = 1048576                                   {product} {ergonomic}
    uintx GCDrainStackTargetSize                   = 64                                        {product} {ergonomic}
   size_t InitialHeapSize                          = 132120576                                 {product} {ergonomic}
   size_t MarkStackSize                            = 4194304                                   {product} {ergonomic}
   size_t MaxHeapSize                              = 2147483648                                {product} {command line}
   size_t MaxMetaspaceSize                         = 536870912                                 {product} {command line}
   size_t MaxNewSize                               = 1287651328                                {product} {ergonomic}
   size_t MinHeapDeltaBytes                        = 1048576                                   {product} {ergonomic}
    uintx NonNMethodCodeHeapSize                   = 5830732                                {pd product} {ergonomic}
    uintx NonProfiledCodeHeapSize                  = 122913754                              {pd product} {ergonomic}
    uintx ProfiledCodeHeapSize                     = 122913754                              {pd product} {ergonomic}
    uintx ReservedCodeCacheSize                    = 251658240                              {pd product} {ergonomic}
     bool SegmentedCodeCache                       = true                                      {product} {ergonomic}
     bool UseCompressedClassPointers               = true                                 {lp64_product} {ergonomic}
     bool UseCompressedOops                        = true                                 {lp64_product} {ergonomic}
     bool UseG1GC                                  = true                                      {product} {ergonomic}
     bool UseLargePagesIndividualAllocation        = false                                  {pd product} {ergonomic}

Logging:
Log output configuration:
 #0: stdout all=warning uptime,level,tags
 #1: stderr all=off uptime,level,tags

Environment Variables:
JAVA_HOME=C:\Program Files\OpenJDK\openjdk-11.0.15_10
CLASSPATH=E:\Restro-Managment\android\\gradle\wrapper\gradle-wrapper.jar
PATH=E:\Restro-Managment\android\node_modules\.bin;E:\Restro-Managment\node_modules\.bin;E:\node_modules\.bin;C:\Program Files\nodejs;E:\Restro-Managment\node_modules\.bin;E:\node_modules\.bin;C:\Program Files\nodejs\node_modules\npm\node_modules\@npmcli\run-script\lib\node-gyp-bin;C:\Python310\Scripts\;C:\Python310\;C:\Windows\system32;C:\Windows;C:\Windows\System32\Wbem;C:\Windows\System32\WindowsPowerShell\v1.0\;C:\Windows\System32\OpenSSH\;C:\ProgramData\chocolatey\bin;C:\Program Files\OpenJDK\openjdk-11.0.15_10\bin;C:\Program Files\Microsoft VS Code\bin;C:\Program Files\nodejs\;C:\Users\Asus\AppData\Local\Microsoft\WindowsApps;C:\Users\Asus\AppData\Local\Android\Sdk\platform-tools;C:\Users\Asus\AppData\Roaming\npm
USERNAME=Asus
LANG=en_US.UTF-8
OS=Windows_NT
PROCESSOR_IDENTIFIER=Intel64 Family 6 Model 158 Stepping 11, GenuineIntel



---------------  S Y S T E M  ---------------

OS: Windows 10 , 64 bit Build 19041 (10.0.19041.1806)
OS uptime: 0 days 5:11 hours

CPU:total 4 (initial active 4) (4 cores per cpu, 1 threads per core) family 6 model 158 stepping 11 microcode 0xca, cmov, cx8, fxsr, mmx, sse, sse2, sse3, ssse3, sse4.1, sse4.2, popcnt, avx, avx2, aes, clmul, erms, 3dnowpref, lzcnt, tsc, tscinvbit, bmi1, bmi2, adx, fma

Memory: 4k page, system-wide physical 8063M (155M free)
TotalPageFile size 32639M (AvailPageFile size 0M)
current process WorkingSet (physical memory assigned to process): 163M, peak: 163M
current process commit charge ("private bytes"): 258M, peak: 259M

vm_info: OpenJDK 64-Bit Server VM (11.0.15+10) for windows-amd64 JRE (11.0.15+10), built on Apr 21 2022 21:29:46 by "tester" with MS VC++ 15.5 (VS2017)

END.
